# JRE version: OpenJDK Runtime Environment (8.0_152-b02) (build 1.8.0_152-release-1024-b02)
# Java VM: OpenJDK 64-Bit Server VM (25.152-b02 mixed mode windows-amd64 compressed oops)
Heap:
 PSYoungGen      total 233472K, used 142887K [0x00000000e0000000, 0x00000000f0100000, 0x0000000100000000)
  eden space 207872K, 58% used [0x00000000e0000000,0x00000000e774d140,0x00000000ecb00000)
  from space 25600K, 80% used [0x00000000ee800000,0x00000000efc3cad8,0x00000000f0100000)
  to   space 27648K, 0% used [0x00000000ecb00000,0x00000000ecb00000,0x00000000ee600000)
 ParOldGen       total 145920K, used 58378K [0x00000000a0000000, 0x00000000a8e80000, 0x00000000e0000000)
  object space 145920K, 40% used [0x00000000a0000000,0x00000000a3902b98,0x00000000a8e80000)
 Metaspace       used 80084K, capacity 83142K, committed 83200K, reserved 1122304K
  class space    used 10405K, capacity 11223K, committed 11264K, reserved 1048576K
GC Heap History (10 events):
Event: 18.632 GC heap before
{Heap before GC invocations=17 (full 3):
 PSYoungGen      total 139776K, used 118784K [0x00000000e0000000, 0x00000000ec380000, 0x0000000100000000)
  eden space 118784K, 100% used [0x00000000e0000000,0x00000000e7400000,0x00000000e7400000)
  from space 20992K, 0% used [0x00000000e7400000,0x00000000e7400000,0x00000000e8880000)
  to   space 20992K, 0% used [0x00000000eaf00000,0x00000000eaf00000,0x00000000ec380000)
 ParOldGen       total 145920K, used 37137K [0x00000000a0000000, 0x00000000a8e80000, 0x00000000e0000000)
  object space 145920K, 25% used [0x00000000a0000000,0x00000000a24444b0,0x00000000a8e80000)
 Metaspace       used 63767K, capacity 66016K, committed 66176K, reserved 1105920K
  class space    used 8661K, capacity 9228K, committed 9344K, reserved 1048576K
Event: 18.651 GC heap after
Heap after GC invocations=17 (full 3):
 PSYoungGen      total 167936K, used 12015K [0x00000000e0000000, 0x00000000ebe00000, 0x0000000100000000)
  eden space 152576K, 0% used [0x00000000e0000000,0x00000000e0000000,0x00000000e9500000)
  from space 15360K, 78% used [0x00000000eaf00000,0x00000000ebabbe78,0x00000000ebe00000)
  to   space 20992K, 0% used [0x00000000e9500000,0x00000000e9500000,0x00000000ea980000)
 ParOldGen       total 145920K, used 37145K [0x00000000a0000000, 0x00000000a8e80000, 0x00000000e0000000)
  object space 145920K, 25% used [0x00000000a0000000,0x00000000a24464b0,0x00000000a8e80000)
 Metaspace       used 63767K, capacity 66016K, committed 66176K, reserved 1105920K
  class space    used 8661K, capacity 9228K, committed 9344K, reserved 1048576K
}
Event: 51.600 GC heap before
{Heap before GC invocations=18 (full 3):
 PSYoungGen      total 167936K, used 164591K [0x00000000e0000000, 0x00000000ebe00000, 0x0000000100000000)
  eden space 152576K, 100% used [0x00000000e0000000,0x00000000e9500000,0x00000000e9500000)
  from space 15360K, 78% used [0x00000000eaf00000,0x00000000ebabbe78,0x00000000ebe00000)
  to   space 20992K, 0% used [0x00000000e9500000,0x00000000e9500000,0x00000000ea980000)
 ParOldGen       total 145920K, used 37145K [0x00000000a0000000, 0x00000000a8e80000, 0x00000000e0000000)
  object space 145920K, 25% used [0x00000000a0000000,0x00000000a24464b0,0x00000000a8e80000)
 Metaspace       used 65511K, capacity 67756K, committed 67968K, reserved 1107968K
  class space    used 8845K, capacity 9491K, committed 9600K, reserved 1048576K
Event: 51.629 GC heap after
Heap after GC invocations=18 (full 3):
 PSYoungGen      total 173568K, used 20960K [0x00000000e0000000, 0x00000000ee980000, 0x0000000100000000)
  eden space 152576K, 0% used [0x00000000e0000000,0x00000000e0000000,0x00000000e9500000)
  from space 20992K, 99% used [0x00000000e9500000,0x00000000ea978030,0x00000000ea980000)
  to   space 24576K, 0% used [0x00000000ed180000,0x00000000ed180000,0x00000000ee980000)
 ParOldGen       total 145920K, used 38230K [0x00000000a0000000, 0x00000000a8e80000, 0x00000000e0000000)
  object space 145920K, 26% used [0x00000000a0000000,0x00000000a2555a78,0x00000000a8e80000)
 Metaspace       used 65511K, capacity 67756K, committed 67968K, reserved 1107968K
  class space    used 8845K, capacity 9491K, committed 9600K, reserved 1048576K
}
Event: 67.882 GC heap before
{Heap before GC invocations=19 (full 3):
 PSYoungGen      total 173568K, used 173536K [0x00000000e0000000, 0x00000000ee980000, 0x0000000100000000)
  eden space 152576K, 100% used [0x00000000e0000000,0x00000000e9500000,0x00000000e9500000)
  from space 20992K, 99% used [0x00000000e9500000,0x00000000ea978030,0x00000000ea980000)
  to   space 24576K, 0% used [0x00000000ed180000,0x00000000ed180000,0x00000000ee980000)
 ParOldGen       total 145920K, used 38230K [0x00000000a0000000, 0x00000000a8e80000, 0x00000000e0000000)
  object space 145920K, 26% used [0x00000000a0000000,0x00000000a2555a78,0x00000000a8e80000)
 Metaspace       used 70488K, capacity 73138K, committed 73344K, reserved 1112064K
  class space    used 9308K, capacity 10060K, committed 10112K, reserved 1048576K
Event: 68.061 GC heap after
Heap after GC invocations=19 (full 3):
 PSYoungGen      total 207360K, used 11072K [0x00000000e0000000, 0x00000000ee500000, 0x0000000100000000)
  eden space 187392K, 0% used [0x00000000e0000000,0x00000000e0000000,0x00000000eb700000)
  from space 19968K, 55% used [0x00000000ed180000,0x00000000edc50130,0x00000000ee500000)
  to   space 23552K, 0% used [0x00000000eb700000,0x00000000eb700000,0x00000000ece00000)
 ParOldGen       total 145920K, used 58370K [0x00000000a0000000, 0x00000000a8e80000, 0x00000000e0000000)
  object space 145920K, 40% used [0x00000000a0000000,0x00000000a3900b98,0x00000000a8e80000)
 Metaspace       used 70488K, capacity 73138K, committed 73344K, reserved 1112064K
  class space    used 9308K, capacity 10060K, committed 10112K, reserved 1048576K
}
Event: 82.440 GC heap before
{Heap before GC invocations=20 (full 3):
 PSYoungGen      total 207360K, used 198464K [0x00000000e0000000, 0x00000000ee500000, 0x0000000100000000)
  eden space 187392K, 100% used [0x00000000e0000000,0x00000000eb700000,0x00000000eb700000)
  from space 19968K, 55% used [0x00000000ed180000,0x00000000edc50130,0x00000000ee500000)
  to   space 23552K, 0% used [0x00000000eb700000,0x00000000eb700000,0x00000000ece00000)
 ParOldGen       total 145920K, used 58370K [0x00000000a0000000, 0x00000000a8e80000, 0x00000000e0000000)
  object space 145920K, 40% used [0x00000000a0000000,0x00000000a3900b98,0x00000000a8e80000)
 Metaspace       used 74706K, capacity 77612K, committed 77824K, reserved 1116160K
  class space    used 9836K, capacity 10644K, committed 10752K, reserved 1048576K
Event: 82.494 GC heap after
Heap after GC invocations=20 (full 3):
 PSYoungGen      total 210944K, used 19331K [0x00000000e0000000, 0x00000000f0100000, 0x0000000100000000)
  eden space 187392K, 0% used [0x00000000e0000000,0x00000000e0000000,0x00000000eb700000)
  from space 23552K, 82% used [0x00000000eb700000,0x00000000ec9e0d28,0x00000000ece00000)
  to   space 25600K, 0% used [0x00000000ee800000,0x00000000ee800000,0x00000000f0100000)
 ParOldGen       total 145920K, used 58370K [0x00000000a0000000, 0x00000000a8e80000, 0x00000000e0000000)
  object space 145920K, 40% used [0x00000000a0000000,0x00000000a3900b98,0x00000000a8e80000)
 Metaspace       used 74706K, capacity 77612K, committed 77824K, reserved 1116160K
  class space    used 9836K, capacity 10644K, committed 10752K, reserved 1048576K
}
Event: 3304.527 GC heap before
{Heap before GC invocations=21 (full 3):
 PSYoungGen      total 210944K, used 206723K [0x00000000e0000000, 0x00000000f0100000, 0x0000000100000000)
  eden space 187392K, 100% used [0x00000000e0000000,0x00000000eb700000,0x00000000eb700000)
  from space 23552K, 82% used [0x00000000eb700000,0x00000000ec9e0d28,0x00000000ece00000)
  to   space 25600K, 0% used [0x00000000ee800000,0x00000000ee800000,0x00000000f0100000)
 ParOldGen       total 145920K, used 58370K [0x00000000a0000000, 0x00000000a8e80000, 0x00000000e0000000)
  object space 145920K, 40% used [0x00000000a0000000,0x00000000a3900b98,0x00000000a8e80000)
 Metaspace       used 75922K, capacity 79006K, committed 79104K, reserved 1118208K
  class space    used 9888K, capacity 10741K, committed 10752K, reserved 1048576K
Event: 3304.752 GC heap after
Heap after GC invocations=21 (full 3):
 PSYoungGen      total 233472K, used 20722K [0x00000000e0000000, 0x00000000f0100000, 0x0000000100000000)
  eden space 207872K, 0% used [0x00000000e0000000,0x00000000e0000000,0x00000000ecb00000)
  from space 25600K, 80% used [0x00000000ee800000,0x00000000efc3cad8,0x00000000f0100000)
  to   space 27648K, 0% used [0x00000000ecb00000,0x00000000ecb00000,0x00000000ee600000)
 ParOldGen       total 145920K, used 58378K [0x00000000a0000000, 0x00000000a8e80000, 0x00000000e0000000)
  object space 145920K, 40% used [0x00000000a0000000,0x00000000a3902b98,0x00000000a8e80000)
 Metaspace       used 75922K, capacity 79006K, committed 79104K, reserved 1118208K
  class space    used 9888K, capacity 10741K, committed 10752K, reserved 1048576K
}

